2025-10-15 22:26:20,693 [Worker-4: Loading available Gradle versions] INFO  o.e.b.c.i.u.g.PublishedGradleVersions - Gradle version information cache is up-to-date. Trying to read.
2025-10-15 22:34:19,429 [Worker-11: Import Getting Started Content] INFO  o.e.m.c.i.l.LifecycleMappingFactory - Using org.eclipse.m2e.jdt.JarLifecycleMapping lifecycle mapping for MavenProject: com.klef:SPRINGBOOT-EMPLOYEE:0.0.1-SNAPSHOT @ C:\FULLSTACK-DEVOPS\SPRINGBOOT-EMPLOYEE\pom.xml.
2025-10-15 22:34:32,710 [Worker-11: Import Getting Started Content] INFO  o.e.m.j.i.AbstractJavaProjectConfigurator - Adding source folder /SPRINGBOOT-EMPLOYEE/src/main/java
2025-10-15 22:34:32,719 [Worker-11: Import Getting Started Content] INFO  o.e.m.j.i.AbstractJavaProjectConfigurator - Adding resource folder /SPRINGBOOT-EMPLOYEE/src/main/resources
2025-10-15 22:34:32,774 [Worker-11: Import Getting Started Content] INFO  o.e.m.j.i.AbstractJavaProjectConfigurator - Adding resource folder /SPRINGBOOT-EMPLOYEE/src/main/resources
2025-10-15 22:34:32,817 [Worker-11: Import Getting Started Content] INFO  o.e.m.j.i.AbstractJavaProjectConfigurator - Adding source folder /SPRINGBOOT-EMPLOYEE/src/test/java
2025-10-15 22:34:32,821 [Worker-11: Import Getting Started Content] INFO  o.e.m.j.i.AbstractJavaProjectConfigurator - Adding resource folder /SPRINGBOOT-EMPLOYEE/src/test/resources
2025-10-15 22:34:43,223 [Worker-11: Import Getting Started Content] INFO  o.e.m.c.i.p.ProjectConfigurationManager - Imported and configured 1 project(s) in 38 sec
2025-10-15 22:34:43,245 [Worker-11: Import Getting Started Content] INFO  o.e.m.c.i.p.ProjectConfigurationManager - Update started
2025-10-15 22:34:46,416 [Worker-11: Import Getting Started Content] INFO  o.e.m.c.i.l.LifecycleMappingFactory - Using org.eclipse.m2e.jdt.JarLifecycleMapping lifecycle mapping for MavenProject: com.klef:SPRINGBOOT-EMPLOYEE:0.0.1-SNAPSHOT @ C:\FULLSTACK-DEVOPS\SPRINGBOOT-EMPLOYEE\pom.xml.
2025-10-15 22:34:49,053 [Worker-11: Import Getting Started Content] INFO  o.e.m.j.i.AbstractJavaProjectConfigurator - Adding source folder /SPRINGBOOT-EMPLOYEE/src/main/java
2025-10-15 22:34:49,056 [Worker-11: Import Getting Started Content] INFO  o.e.m.j.i.AbstractJavaProjectConfigurator - Adding resource folder /SPRINGBOOT-EMPLOYEE/src/main/resources
2025-10-15 22:34:49,064 [Worker-11: Import Getting Started Content] INFO  o.e.m.j.i.AbstractJavaProjectConfigurator - Adding resource folder /SPRINGBOOT-EMPLOYEE/src/main/resources
2025-10-15 22:34:49,067 [Worker-11: Import Getting Started Content] INFO  o.e.m.j.i.AbstractJavaProjectConfigurator - Adding source folder /SPRINGBOOT-EMPLOYEE/src/test/java
2025-10-15 22:34:49,071 [Worker-11: Import Getting Started Content] INFO  o.e.m.j.i.AbstractJavaProjectConfigurator - Adding resource folder /SPRINGBOOT-EMPLOYEE/src/test/resources
2025-10-15 22:34:51,283 [Worker-11: Import Getting Started Content] INFO  o.e.m.c.i.p.ProjectConfigurationManager - Update completed for 1 poms: local refresh takes 0.00 sec, refresh facades takes 5.00 sec, update config takes 1.00 sec 
2025-10-15 22:34:53,467 [Worker-39: Building] INFO  o.a.m.s.f.DefaultMavenResourcesFiltering - Copying 1 resource from src\main\resources to target\classes
2025-10-15 22:34:53,543 [Worker-39: Building] INFO  o.a.m.s.f.DefaultMavenResourcesFiltering - Copying 0 resource from src\main\resources to target\classes
2025-10-15 22:34:53,568 [Worker-39: Building] INFO  o.a.m.s.f.DefaultMavenResourcesFiltering - skip non existing resourceDirectory C:\FULLSTACK-DEVOPS\SPRINGBOOT-EMPLOYEE\src\test\resources
2025-10-15 22:42:02,425 [Worker-39: Building] INFO  o.a.m.s.f.DefaultMavenResourcesFiltering - Copying 1 resource from src\main\resources to target\classes
2025-10-15 22:42:02,447 [Worker-39: Building] INFO  o.a.m.s.f.DefaultMavenResourcesFiltering - Copying 0 resource from src\main\resources to target\classes
2025-10-15 22:42:02,462 [Worker-39: Building] INFO  o.a.m.s.f.DefaultMavenResourcesFiltering - skip non existing resourceDirectory C:\FULLSTACK-DEVOPS\SPRINGBOOT-EMPLOYEE\src\test\resources
2025-10-15 22:43:15,542 [Worker-38: Building] INFO  o.a.m.s.f.DefaultMavenResourcesFiltering - Copying 1 resource from src\main\resources to target\classes
2025-10-15 22:43:15,559 [Worker-38: Building] INFO  o.a.m.s.f.DefaultMavenResourcesFiltering - Copying 0 resource from src\main\resources to target\classes
2025-10-15 22:43:15,570 [Worker-38: Building] INFO  o.a.m.s.f.DefaultMavenResourcesFiltering - skip non existing resourceDirectory C:\FULLSTACK-DEVOPS\SPRINGBOOT-EMPLOYEE\src\test\resources
2025-10-15 22:44:09,573 [Worker-35: Building] INFO  o.a.m.s.f.DefaultMavenResourcesFiltering - Copying 1 resource from src\main\resources to target\classes
2025-10-15 22:44:09,597 [Worker-35: Building] INFO  o.a.m.s.f.DefaultMavenResourcesFiltering - Copying 0 resource from src\main\resources to target\classes
2025-10-15 22:44:09,608 [Worker-35: Building] INFO  o.a.m.s.f.DefaultMavenResourcesFiltering - skip non existing resourceDirectory C:\FULLSTACK-DEVOPS\SPRINGBOOT-EMPLOYEE\src\test\resources
2025-10-15 22:45:05,570 [Worker-39: Building] INFO  o.a.m.s.f.DefaultMavenResourcesFiltering - Copying 1 resource from src\main\resources to target\classes
2025-10-15 22:45:05,586 [Worker-39: Building] INFO  o.a.m.s.f.DefaultMavenResourcesFiltering - Copying 0 resource from src\main\resources to target\classes
2025-10-15 22:45:05,597 [Worker-39: Building] INFO  o.a.m.s.f.DefaultMavenResourcesFiltering - skip non existing resourceDirectory C:\FULLSTACK-DEVOPS\SPRINGBOOT-EMPLOYEE\src\test\resources
2025-10-15 22:45:47,326 [Worker-34: Building] INFO  o.a.m.s.f.DefaultMavenResourcesFiltering - Copying 1 resource from src\main\resources to target\classes
2025-10-15 22:45:47,342 [Worker-34: Building] INFO  o.a.m.s.f.DefaultMavenResourcesFiltering - Copying 0 resource from src\main\resources to target\classes
2025-10-15 22:45:47,352 [Worker-34: Building] INFO  o.a.m.s.f.DefaultMavenResourcesFiltering - skip non existing resourceDirectory C:\FULLSTACK-DEVOPS\SPRINGBOOT-EMPLOYEE\src\test\resources
2025-10-15 22:46:59,950 [Worker-39: Building] INFO  o.a.m.s.f.DefaultMavenResourcesFiltering - Copying 1 resource from src\main\resources to target\classes
2025-10-15 22:46:59,963 [Worker-39: Building] INFO  o.a.m.s.f.DefaultMavenResourcesFiltering - Copying 0 resource from src\main\resources to target\classes
2025-10-15 22:46:59,973 [Worker-39: Building] INFO  o.a.m.s.f.DefaultMavenResourcesFiltering - skip non existing resourceDirectory C:\FULLSTACK-DEVOPS\SPRINGBOOT-EMPLOYEE\src\test\resources
2025-10-15 22:48:06,342 [Worker-36: Building] INFO  o.a.m.s.f.DefaultMavenResourcesFiltering - Copying 1 resource from src\main\resources to target\classes
2025-10-15 22:48:06,356 [Worker-36: Building] INFO  o.a.m.s.f.DefaultMavenResourcesFiltering - Copying 0 resource from src\main\resources to target\classes
2025-10-15 22:48:06,365 [Worker-36: Building] INFO  o.a.m.s.f.DefaultMavenResourcesFiltering - skip non existing resourceDirectory C:\FULLSTACK-DEVOPS\SPRINGBOOT-EMPLOYEE\src\test\resources
2025-10-15 22:49:14,577 [Worker-40: Building] INFO  o.a.m.s.f.DefaultMavenResourcesFiltering - Copying 1 resource from src\main\resources to target\classes
2025-10-15 22:49:14,594 [Worker-40: Building] INFO  o.a.m.s.f.DefaultMavenResourcesFiltering - Copying 0 resource from src\main\resources to target\classes
2025-10-15 22:49:14,608 [Worker-40: Building] INFO  o.a.m.s.f.DefaultMavenResourcesFiltering - skip non existing resourceDirectory C:\FULLSTACK-DEVOPS\SPRINGBOOT-EMPLOYEE\src\test\resources
2025-10-15 22:51:18,738 [Worker-35: Building] INFO  o.a.m.s.f.DefaultMavenResourcesFiltering - Copying 1 resource from src\main\resources to target\classes
2025-10-15 22:51:18,762 [Worker-35: Building] INFO  o.a.m.s.f.DefaultMavenResourcesFiltering - Copying 0 resource from src\main\resources to target\classes
2025-10-15 22:51:18,774 [Worker-35: Building] INFO  o.a.m.s.f.DefaultMavenResourcesFiltering - skip non existing resourceDirectory C:\FULLSTACK-DEVOPS\SPRINGBOOT-EMPLOYEE\src\test\resources
2025-10-15 22:54:14,034 [Worker-38: Launching SPRINGBOOT-EMPLOYEE - SpringbootEmployeeApplication] INFO  o.a.m.s.f.DefaultMavenResourcesFiltering - Copying 1 resource from src\main\resources to target\classes
2025-10-15 22:54:14,066 [Worker-38: Launching SPRINGBOOT-EMPLOYEE - SpringbootEmployeeApplication] INFO  o.a.m.s.f.DefaultMavenResourcesFiltering - Copying 0 resource from src\main\resources to target\classes
2025-10-15 22:54:14,079 [Worker-38: Launching SPRINGBOOT-EMPLOYEE - SpringbootEmployeeApplication] INFO  o.a.m.s.f.DefaultMavenResourcesFiltering - skip non existing resourceDirectory C:\FULLSTACK-DEVOPS\SPRINGBOOT-EMPLOYEE\src\test\resources
2025-10-15 22:55:56,220 [Worker-41: Launching SPRINGBOOT-EMPLOYEE - SpringbootEmployeeApplication] INFO  o.a.m.s.f.DefaultMavenResourcesFiltering - Copying 1 resource from src\main\resources to target\classes
2025-10-15 22:55:56,242 [Worker-41: Launching SPRINGBOOT-EMPLOYEE - SpringbootEmployeeApplication] INFO  o.a.m.s.f.DefaultMavenResourcesFiltering - Copying 0 resource from src\main\resources to target\classes
2025-10-15 22:55:56,252 [Worker-41: Launching SPRINGBOOT-EMPLOYEE - SpringbootEmployeeApplication] INFO  o.a.m.s.f.DefaultMavenResourcesFiltering - skip non existing resourceDirectory C:\FULLSTACK-DEVOPS\SPRINGBOOT-EMPLOYEE\src\test\resources
